[23-Nov-2017 21:24:01 Asia/Tokyo] PHP Fatal error:  Class 'App\Http\Controllers\TaskList' not found in /home/ubuntu/workspace/kadai-tasklist/app/Http/Controllers/TaskListsController.php on line 21
[23-Nov-2017 21:24:01 Asia/Tokyo] PHP Stack trace:
[23-Nov-2017 21:24:01 Asia/Tokyo] PHP   1. {main}() /home/ubuntu/workspace/kadai-tasklist/server.php:0
[23-Nov-2017 21:24:01 Asia/Tokyo] PHP   2. require_once() /home/ubuntu/workspace/kadai-tasklist/server.php:21
[23-Nov-2017 21:24:01 Asia/Tokyo] PHP   3. Illuminate\Foundation\Http\Kernel->handle() /home/ubuntu/workspace/kadai-tasklist/public/index.php:54
[23-Nov-2017 21:24:01 Asia/Tokyo] PHP   4. Illuminate\Foundation\Http\Kernel->sendRequestThroughRouter() /home/ubuntu/workspace/kadai-tasklist/vendor/laravel/framework/src/Illuminate/Foundation/Http/Kernel.php:87
[23-Nov-2017 21:24:01 Asia/Tokyo] PHP   5. Illuminate\Pipeline\Pipeline->then() /home/ubuntu/workspace/kadai-tasklist/vendor/laravel/framework/src/Illuminate/Foundation/Http/Kernel.php:122
[23-Nov-2017 21:24:01 Asia/Tokyo] PHP   6. call_user_func:{/home/ubuntu/workspace/kadai-tasklist/vendor/laravel/framework/src/Illuminate/Pipeline/Pipeline.php:103}() /home/ubuntu/workspace/kadai-tasklist/vendor/laravel/framework/src/Illuminate/Pipeline/Pipeline.php:103
[23-Nov-2017 21:24:01 Asia/Tokyo] PHP   7. Illuminate\Pipeline\Pipeline->Illuminate\Pipeline\{closure}() /home/ubuntu/workspace/kadai-tasklist/vendor/laravel/framework/src/Illuminate/Pipeline/Pipeline.php:103
[23-Nov-2017 21:24:01 Asia/Tokyo] PHP   8. call_user_func_array:{/home/ubuntu/workspace/kadai-tasklist/vendor/laravel/framework/src/Illuminate/Pipeline/Pipeline.php:124}() /home/ubuntu/workspace/kadai-tasklist/vendor/laravel/framework/src/Illuminate/Pipeline/Pipeline.php:124
[23-Nov-2017 21:24:01 Asia/Tokyo] PHP   9. Illuminate\Foundation\Http\Middleware\CheckForMaintenanceMode->handle() /home/ubuntu/workspace/kadai-tasklist/vendor/laravel/framework/src/Illuminate/Pipeline/Pipeline.php:124
[23-Nov-2017 21:24:01 Asia/Tokyo] PHP  10. Illuminate\Pipeline\Pipeline->Illuminate\Pipeline\{closure}() /home/ubuntu/workspace/kadai-tasklist/vendor/laravel/framework/src/Illuminate/Foundation/Http/Middleware/CheckForMaintenanceMode.php:44
[23-Nov-2017 21:24:01 Asia/Tokyo] PHP  11. call_user_func_array:{/home/ubuntu/workspace/kadai-tasklist/vendor/laravel/framework/src/Illuminate/Pipeline/Pipeline.php:124}() /home/ubuntu/workspace/kadai-tasklist/vendor/laravel/framework/src/Illuminate/Pipeline/Pipeline.php:124
[23-Nov-2017 21:24:01 Asia/Tokyo] PHP  12. Illuminate\Cookie\Middleware\EncryptCookies->handle() /home/ubuntu/workspace/kadai-tasklist/vendor/laravel/framework/src/Illuminate/Pipeline/Pipeline.php:124
[23-Nov-2017 21:24:01 Asia/Tokyo] PHP  13. Illuminate\Pipeline\Pipeline->Illuminate\Pipeline\{closure}() /home/ubuntu/workspace/kadai-tasklist/vendor/laravel/framework/src/Illuminate/Cookie/Middleware/EncryptCookies.php:59
[23-Nov-2017 21:24:01 Asia/Tokyo] PHP  14. call_user_func_array:{/home/ubuntu/workspace/kadai-tasklist/vendor/laravel/framework/src/Illuminate/Pipeline/Pipeline.php:124}() /home/ubuntu/workspace/kadai-tasklist/vendor/laravel/framework/src/Illuminate/Pipeline/Pipeline.php:124
[23-Nov-2017 21:24:01 Asia/Tokyo] PHP  15. Illuminate\Cookie\Middleware\AddQueuedCookiesToResponse->handle() /home/ubuntu/workspace/kadai-tasklist/vendor/laravel/framework/src/Illuminate/Pipeline/Pipeline.php:124
[23-Nov-2017 21:24:01 Asia/Tokyo] PHP  16. Illuminate\Pipeline\Pipeline->Illuminate\Pipeline\{closure}() /home/ubuntu/workspace/kadai-tasklist/vendor/laravel/framework/src/Illuminate/Cookie/Middleware/AddQueuedCookiesToResponse.php:37
[23-Nov-2017 21:24:01 Asia/Tokyo] PHP  17. call_user_func_array:{/home/ubuntu/workspace/kadai-tasklist/vendor/laravel/framework/src/Illuminate/Pipeline/Pipeline.php:124}() /home/ubuntu/workspace/kadai-tasklist/vendor/laravel/framework/src/Illuminate/Pipeline/Pipeline.php:124
[23-Nov-2017 21:24:01 Asia/Tokyo] PHP  18. Illuminate\Session\Middleware\StartSession->handle() /home/ubuntu/workspace/kadai-tasklist/vendor/laravel/framework/src/Illuminate/Pipeline/Pipeline.php:124
[23-Nov-2017 21:24:01 Asia/Tokyo] PHP  19. Illuminate\Pipeline\Pipeline->Illuminate\Pipeline\{closure}() /home/ubuntu/workspace/kadai-tasklist/vendor/laravel/framework/src/Illuminate/Session/Middleware/StartSession.php:62
[23-Nov-2017 21:24:01 Asia/Tokyo] PHP  20. call_user_func_array:{/home/ubuntu/workspace/kadai-tasklist/vendor/laravel/framework/src/Illuminate/Pipeline/Pipeline.php:124}() /home/ubuntu/workspace/kadai-tasklist/vendor/laravel/framework/src/Illuminate/Pipeline/Pipeline.php:124
[23-Nov-2017 21:24:01 Asia/Tokyo] PHP  21. Illuminate\View\Middleware\ShareErrorsFromSession->handle() /home/ubuntu/workspace/kadai-tasklist/vendor/laravel/framework/src/Illuminate/Pipeline/Pipeline.php:124
[23-Nov-2017 21:24:01 Asia/Tokyo] PHP  22. Illuminate\Pipeline\Pipeline->Illuminate\Pipeline\{closure}() /home/ubuntu/workspace/kadai-tasklist/vendor/laravel/framework/src/Illuminate/View/Middleware/ShareErrorsFromSession.php:49
[23-Nov-2017 21:24:01 Asia/Tokyo] PHP  23. call_user_func_array:{/home/ubuntu/workspace/kadai-tasklist/vendor/laravel/framework/src/Illuminate/Pipeline/Pipeline.php:124}() /home/ubuntu/workspace/kadai-tasklist/vendor/laravel/framework/src/Illuminate/Pipeline/Pipeline.php:124
[23-Nov-2017 21:24:01 Asia/Tokyo] PHP  24. Illuminate\Foundation\Http\Middleware\VerifyCsrfToken->handle() /home/ubuntu/workspace/kadai-tasklist/vendor/laravel/framework/src/Illuminate/Pipeline/Pipeline.php:124
[23-Nov-2017 21:24:01 Asia/Tokyo] PHP  25. Illuminate\Pipeline\Pipeline->Illuminate\Pipeline\{closure}() /home/ubuntu/workspace/kadai-tasklist/vendor/laravel/framework/src/Illuminate/Foundation/Http/Middleware/VerifyCsrfToken.php:50
[23-Nov-2017 21:24:01 Asia/Tokyo] PHP  26. call_user_func:{/home/ubuntu/workspace/kadai-tasklist/vendor/laravel/framework/src/Illuminate/Pipeline/Pipeline.php:139}() /home/ubuntu/workspace/kadai-tasklist/vendor/laravel/framework/src/Illuminate/Pipeline/Pipeline.php:139
[23-Nov-2017 21:24:01 Asia/Tokyo] PHP  27. Illuminate\Foundation\Http\Kernel->Illuminate\Foundation\Http\{closure}() /home/ubuntu/workspace/kadai-tasklist/vendor/laravel/framework/src/Illuminate/Pipeline/Pipeline.php:139
[23-Nov-2017 21:24:01 Asia/Tokyo] PHP  28. Illuminate\Routing\Router->dispatch() /home/ubuntu/workspace/kadai-tasklist/vendor/laravel/framework/src/Illuminate/Foundation/Http/Kernel.php:236
[23-Nov-2017 21:24:01 Asia/Tokyo] PHP  29. Illuminate\Routing\Router->dispatchToRoute() /home/ubuntu/workspace/kadai-tasklist/vendor/laravel/framework/src/Illuminate/Routing/Router.php:635
[23-Nov-2017 21:24:01 Asia/Tokyo] PHP  30. Illuminate\Routing\Router->runRouteWithinStack() /home/ubuntu/workspace/kadai-tasklist/vendor/laravel/framework/src/Illuminate/Routing/Router.php:675
[23-Nov-2017 21:24:01 Asia/Tokyo] PHP  31. Illuminate\Pipeline\Pipeline->then() /home/ubuntu/workspace/kadai-tasklist/vendor/laravel/framework/src/Illuminate/Routing/Router.php:710
[23-Nov-2017 21:24:01 Asia/Tokyo] PHP  32. call_user_func:{/home/ubuntu/workspace/kadai-tasklist/vendor/laravel/framework/src/Illuminate/Pipeline/Pipeline.php:103}() /home/ubuntu/workspace/kadai-tasklist/vendor/laravel/framework/src/Illuminate/Pipeline/Pipeline.php:103
[23-Nov-2017 21:24:01 Asia/Tokyo] PHP  33. Illuminate\Pipeline\Pipeline->Illuminate\Pipeline\{closure}() /home/ubuntu/workspace/kadai-tasklist/vendor/laravel/framework/src/Illuminate/Pipeline/Pipeline.php:103
[23-Nov-2017 21:24:01 Asia/Tokyo] PHP  34. call_user_func:{/home/ubuntu/workspace/kadai-tasklist/vendor/laravel/framework/src/Illuminate/Pipeline/Pipeline.php:139}() /home/ubuntu/workspace/kadai-tasklist/vendor/laravel/framework/src/Illuminate/Pipeline/Pipeline.php:139
[23-Nov-2017 21:24:01 Asia/Tokyo] PHP  35. Illuminate\Routing\Router->Illuminate\Routing\{closure}() /home/ubuntu/workspace/kadai-tasklist/vendor/laravel/framework/src/Illuminate/Pipeline/Pipeline.php:139
[23-Nov-2017 21:24:01 Asia/Tokyo] PHP  36. Illuminate\Routing\Route->run() /home/ubuntu/workspace/kadai-tasklist/vendor/laravel/framework/src/Illuminate/Routing/Router.php:708
[23-Nov-2017 21:24:01 Asia/Tokyo] PHP  37. Illuminate\Routing\Route->runWithCustomDispatcher() /home/ubuntu/workspace/kadai-tasklist/vendor/laravel/framework/src/Illuminate/Routing/Route.php:134
[23-Nov-2017 21:24:01 Asia/Tokyo] PHP  38. Illuminate\Routing\ControllerDispatcher->dispatch() /home/ubuntu/workspace/kadai-tasklist/vendor/laravel/framework/src/Illuminate/Routing/Route.php:203
[23-Nov-2017 21:24:01 Asia/Tokyo] PHP  39. Illuminate\Routing\ControllerDispatcher->callWithinStack() /home/ubuntu/workspace/kadai-tasklist/vendor/laravel/framework/src/Illuminate/Routing/ControllerDispatcher.php:69
[23-Nov-2017 21:24:01 Asia/Tokyo] PHP  40. Illuminate\Pipeline\Pipeline->then() /home/ubuntu/workspace/kadai-tasklist/vendor/laravel/framework/src/Illuminate/Routing/ControllerDispatcher.php:114
[23-Nov-2017 21:24:01 Asia/Tokyo] PHP  41. call_user_func:{/home/ubuntu/workspace/kadai-tasklist/vendor/laravel/framework/src/Illuminate/Pipeline/Pipeline.php:103}() /home/ubuntu/workspace/kadai-tasklist/vendor/laravel/framework/src/Illuminate/Pipeline/Pipeline.php:103
[23-Nov-2017 21:24:01 Asia/Tokyo] PHP  42. Illuminate\Pipeline\Pipeline->Illuminate\Pipeline\{closure}() /home/ubuntu/workspace/kadai-tasklist/vendor/laravel/framework/src/Illuminate/Pipeline/Pipeline.php:103
[23-Nov-2017 21:24:01 Asia/Tokyo] PHP  43. call_user_func:{/home/ubuntu/workspace/kadai-tasklist/vendor/laravel/framework/src/Illuminate/Pipeline/Pipeline.php:139}() /home/ubuntu/workspace/kadai-tasklist/vendor/laravel/framework/src/Illuminate/Pipeline/Pipeline.php:139
[23-Nov-2017 21:24:01 Asia/Tokyo] PHP  44. Illuminate\Routing\ControllerDispatcher->Illuminate\Routing\{closure}() /home/ubuntu/workspace/kadai-tasklist/vendor/laravel/framework/src/Illuminate/Pipeline/Pipeline.php:139
[23-Nov-2017 21:24:01 Asia/Tokyo] PHP  45. Illuminate\Routing\ControllerDispatcher->call() /home/ubuntu/workspace/kadai-tasklist/vendor/laravel/framework/src/Illuminate/Routing/ControllerDispatcher.php:112
[23-Nov-2017 21:24:01 Asia/Tokyo] PHP  46. Illuminate\Routing\Controller->callAction() /home/ubuntu/workspace/kadai-tasklist/vendor/laravel/framework/src/Illuminate/Routing/ControllerDispatcher.php:164
[23-Nov-2017 21:24:01 Asia/Tokyo] PHP  47. call_user_func_array:{/home/ubuntu/workspace/kadai-tasklist/vendor/laravel/framework/src/Illuminate/Routing/Controller.php:256}() /home/ubuntu/workspace/kadai-tasklist/vendor/laravel/framework/src/Illuminate/Routing/Controller.php:256
[23-Nov-2017 21:24:01 Asia/Tokyo] PHP  48. App\Http\Controllers\TaskListsController->index() /home/ubuntu/workspace/kadai-tasklist/vendor/laravel/framework/src/Illuminate/Routing/Controller.php:256
[11-Dec-2017 20:57:10 Asia/Tokyo] PHP Parse error:  syntax error, unexpected ':' in /home/ubuntu/workspace/kadai-tasklist/app/Http/Controllers/WelcomeController.php on line 22
[11-Dec-2017 20:57:10 Asia/Tokyo] PHP Stack trace:
[11-Dec-2017 20:57:10 Asia/Tokyo] PHP   1. {main}() /home/ubuntu/workspace/kadai-tasklist/server.php:0
[11-Dec-2017 20:57:10 Asia/Tokyo] PHP   2. require_once() /home/ubuntu/workspace/kadai-tasklist/server.php:21
[11-Dec-2017 20:57:10 Asia/Tokyo] PHP   3. Illuminate\Foundation\Http\Kernel->handle() /home/ubuntu/workspace/kadai-tasklist/public/index.php:54
[11-Dec-2017 20:57:10 Asia/Tokyo] PHP   4. Illuminate\Foundation\Http\Kernel->sendRequestThroughRouter() /home/ubuntu/workspace/kadai-tasklist/vendor/laravel/framework/src/Illuminate/Foundation/Http/Kernel.php:87
[11-Dec-2017 20:57:10 Asia/Tokyo] PHP   5. Illuminate\Pipeline\Pipeline->then() /home/ubuntu/workspace/kadai-tasklist/vendor/laravel/framework/src/Illuminate/Foundation/Http/Kernel.php:122
[11-Dec-2017 20:57:10 Asia/Tokyo] PHP   6. call_user_func:{/home/ubuntu/workspace/kadai-tasklist/vendor/laravel/framework/src/Illuminate/Pipeline/Pipeline.php:103}() /home/ubuntu/workspace/kadai-tasklist/vendor/laravel/framework/src/Illuminate/Pipeline/Pipeline.php:103
[11-Dec-2017 20:57:10 Asia/Tokyo] PHP   7. Illuminate\Pipeline\Pipeline->Illuminate\Pipeline\{closure}() /home/ubuntu/workspace/kadai-tasklist/vendor/laravel/framework/src/Illuminate/Pipeline/Pipeline.php:103
[11-Dec-2017 20:57:10 Asia/Tokyo] PHP   8. call_user_func_array:{/home/ubuntu/workspace/kadai-tasklist/vendor/laravel/framework/src/Illuminate/Pipeline/Pipeline.php:124}() /home/ubuntu/workspace/kadai-tasklist/vendor/laravel/framework/src/Illuminate/Pipeline/Pipeline.php:124
[11-Dec-2017 20:57:10 Asia/Tokyo] PHP   9. Illuminate\Foundation\Http\Middleware\CheckForMaintenanceMode->handle() /home/ubuntu/workspace/kadai-tasklist/vendor/laravel/framework/src/Illuminate/Pipeline/Pipeline.php:124
[11-Dec-2017 20:57:10 Asia/Tokyo] PHP  10. Illuminate\Pipeline\Pipeline->Illuminate\Pipeline\{closure}() /home/ubuntu/workspace/kadai-tasklist/vendor/laravel/framework/src/Illuminate/Foundation/Http/Middleware/CheckForMaintenanceMode.php:44
[11-Dec-2017 20:57:10 Asia/Tokyo] PHP  11. call_user_func_array:{/home/ubuntu/workspace/kadai-tasklist/vendor/laravel/framework/src/Illuminate/Pipeline/Pipeline.php:124}() /home/ubuntu/workspace/kadai-tasklist/vendor/laravel/framework/src/Illuminate/Pipeline/Pipeline.php:124
[11-Dec-2017 20:57:10 Asia/Tokyo] PHP  12. Illuminate\Cookie\Middleware\EncryptCookies->handle() /home/ubuntu/workspace/kadai-tasklist/vendor/laravel/framework/src/Illuminate/Pipeline/Pipeline.php:124
[11-Dec-2017 20:57:10 Asia/Tokyo] PHP  13. Illuminate\Pipeline\Pipeline->Illuminate\Pipeline\{closure}() /home/ubuntu/workspace/kadai-tasklist/vendor/laravel/framework/src/Illuminate/Cookie/Middleware/EncryptCookies.php:59
[11-Dec-2017 20:57:10 Asia/Tokyo] PHP  14. call_user_func_array:{/home/ubuntu/workspace/kadai-tasklist/vendor/laravel/framework/src/Illuminate/Pipeline/Pipeline.php:124}() /home/ubuntu/workspace/kadai-tasklist/vendor/laravel/framework/src/Illuminate/Pipeline/Pipeline.php:124
[11-Dec-2017 20:57:10 Asia/Tokyo] PHP  15. Illuminate\Cookie\Middleware\AddQueuedCookiesToResponse->handle() /home/ubuntu/workspace/kadai-tasklist/vendor/laravel/framework/src/Illuminate/Pipeline/Pipeline.php:124
[11-Dec-2017 20:57:10 Asia/Tokyo] PHP  16. Illuminate\Pipeline\Pipeline->Illuminate\Pipeline\{closure}() /home/ubuntu/workspace/kadai-tasklist/vendor/laravel/framework/src/Illuminate/Cookie/Middleware/AddQueuedCookiesToResponse.php:37
[11-Dec-2017 20:57:10 Asia/Tokyo] PHP  17. call_user_func_array:{/home/ubuntu/workspace/kadai-tasklist/vendor/laravel/framework/src/Illuminate/Pipeline/Pipeline.php:124}() /home/ubuntu/workspace/kadai-tasklist/vendor/laravel/framework/src/Illuminate/Pipeline/Pipeline.php:124
[11-Dec-2017 20:57:10 Asia/Tokyo] PHP  18. Illuminate\Session\Middleware\StartSession->handle() /home/ubuntu/workspace/kadai-tasklist/vendor/laravel/framework/src/Illuminate/Pipeline/Pipeline.php:124
[11-Dec-2017 20:57:10 Asia/Tokyo] PHP  19. Illuminate\Pipeline\Pipeline->Illuminate\Pipeline\{closure}() /home/ubuntu/workspace/kadai-tasklist/vendor/laravel/framework/src/Illuminate/Session/Middleware/StartSession.php:62
[11-Dec-2017 20:57:10 Asia/Tokyo] PHP  20. call_user_func_array:{/home/ubuntu/workspace/kadai-tasklist/vendor/laravel/framework/src/Illuminate/Pipeline/Pipeline.php:124}() /home/ubuntu/workspace/kadai-tasklist/vendor/laravel/framework/src/Illuminate/Pipeline/Pipeline.php:124
[11-Dec-2017 20:57:10 Asia/Tokyo] PHP  21. Illuminate\View\Middleware\ShareErrorsFromSession->handle() /home/ubuntu/workspace/kadai-tasklist/vendor/laravel/framework/src/Illuminate/Pipeline/Pipeline.php:124
[11-Dec-2017 20:57:10 Asia/Tokyo] PHP  22. Illuminate\Pipeline\Pipeline->Illuminate\Pipeline\{closure}() /home/ubuntu/workspace/kadai-tasklist/vendor/laravel/framework/src/Illuminate/View/Middleware/ShareErrorsFromSession.php:49
[11-Dec-2017 20:57:10 Asia/Tokyo] PHP  23. call_user_func_array:{/home/ubuntu/workspace/kadai-tasklist/vendor/laravel/framework/src/Illuminate/Pipeline/Pipeline.php:124}() /home/ubuntu/workspace/kadai-tasklist/vendor/laravel/framework/src/Illuminate/Pipeline/Pipeline.php:124
[11-Dec-2017 20:57:10 Asia/Tokyo] PHP  24. Illuminate\Foundation\Http\Middleware\VerifyCsrfToken->handle() /home/ubuntu/workspace/kadai-tasklist/vendor/laravel/framework/src/Illuminate/Pipeline/Pipeline.php:124
[11-Dec-2017 20:57:10 Asia/Tokyo] PHP  25. Illuminate\Pipeline\Pipeline->Illuminate\Pipeline\{closure}() /home/ubuntu/workspace/kadai-tasklist/vendor/laravel/framework/src/Illuminate/Foundation/Http/Middleware/VerifyCsrfToken.php:50
[11-Dec-2017 20:57:10 Asia/Tokyo] PHP  26. call_user_func:{/home/ubuntu/workspace/kadai-tasklist/vendor/laravel/framework/src/Illuminate/Pipeline/Pipeline.php:139}() /home/ubuntu/workspace/kadai-tasklist/vendor/laravel/framework/src/Illuminate/Pipeline/Pipeline.php:139
[11-Dec-2017 20:57:10 Asia/Tokyo] PHP  27. Illuminate\Foundation\Http\Kernel->Illuminate\Foundation\Http\{closure}() /home/ubuntu/workspace/kadai-tasklist/vendor/laravel/framework/src/Illuminate/Pipeline/Pipeline.php:139
[11-Dec-2017 20:57:10 Asia/Tokyo] PHP  28. Illuminate\Routing\Router->dispatch() /home/ubuntu/workspace/kadai-tasklist/vendor/laravel/framework/src/Illuminate/Foundation/Http/Kernel.php:236
[11-Dec-2017 20:57:10 Asia/Tokyo] PHP  29. Illuminate\Routing\Router->dispatchToRoute() /home/ubuntu/workspace/kadai-tasklist/vendor/laravel/framework/src/Illuminate/Routing/Router.php:635
[11-Dec-2017 20:57:10 Asia/Tokyo] PHP  30. Illuminate\Routing\Router->runRouteWithinStack() /home/ubuntu/workspace/kadai-tasklist/vendor/laravel/framework/src/Illuminate/Routing/Router.php:675
[11-Dec-2017 20:57:10 Asia/Tokyo] PHP  31. Illuminate\Pipeline\Pipeline->then() /home/ubuntu/workspace/kadai-tasklist/vendor/laravel/framework/src/Illuminate/Routing/Router.php:710
[11-Dec-2017 20:57:10 Asia/Tokyo] PHP  32. call_user_func:{/home/ubuntu/workspace/kadai-tasklist/vendor/laravel/framework/src/Illuminate/Pipeline/Pipeline.php:103}() /home/ubuntu/workspace/kadai-tasklist/vendor/laravel/framework/src/Illuminate/Pipeline/Pipeline.php:103
[11-Dec-2017 20:57:10 Asia/Tokyo] PHP  33. Illuminate\Pipeline\Pipeline->Illuminate\Pipeline\{closure}() /home/ubuntu/workspace/kadai-tasklist/vendor/laravel/framework/src/Illuminate/Pipeline/Pipeline.php:103
[11-Dec-2017 20:57:10 Asia/Tokyo] PHP  34. call_user_func:{/home/ubuntu/workspace/kadai-tasklist/vendor/laravel/framework/src/Illuminate/Pipeline/Pipeline.php:139}() /home/ubuntu/workspace/kadai-tasklist/vendor/laravel/framework/src/Illuminate/Pipeline/Pipeline.php:139
[11-Dec-2017 20:57:10 Asia/Tokyo] PHP  35. Illuminate\Routing\Router->Illuminate\Routing\{closure}() /home/ubuntu/workspace/kadai-tasklist/vendor/laravel/framework/src/Illuminate/Pipeline/Pipeline.php:139
[11-Dec-2017 20:57:10 Asia/Tokyo] PHP  36. Illuminate\Routing\Route->run() /home/ubuntu/workspace/kadai-tasklist/vendor/laravel/framework/src/Illuminate/Routing/Router.php:708
[11-Dec-2017 20:57:10 Asia/Tokyo] PHP  37. Illuminate\Routing\Route->runWithCustomDispatcher() /home/ubuntu/workspace/kadai-tasklist/vendor/laravel/framework/src/Illuminate/Routing/Route.php:134
[11-Dec-2017 20:57:10 Asia/Tokyo] PHP  38. Illuminate\Routing\ControllerDispatcher->dispatch() /home/ubuntu/workspace/kadai-tasklist/vendor/laravel/framework/src/Illuminate/Routing/Route.php:203
[11-Dec-2017 20:57:10 Asia/Tokyo] PHP  39. Illuminate\Routing\ControllerDispatcher->makeController() /home/ubuntu/workspace/kadai-tasklist/vendor/laravel/framework/src/Illuminate/Routing/ControllerDispatcher.php:57
[11-Dec-2017 20:57:10 Asia/Tokyo] PHP  40. Illuminate\Foundation\Application->make() /home/ubuntu/workspace/kadai-tasklist/vendor/laravel/framework/src/Illuminate/Routing/ControllerDispatcher.php:85
[11-Dec-2017 20:57:10 Asia/Tokyo] PHP  41. Illuminate\Container\Container->make() /home/ubuntu/workspace/kadai-tasklist/vendor/laravel/framework/src/Illuminate/Foundation/Application.php:674
[11-Dec-2017 20:57:10 Asia/Tokyo] PHP  42. Illuminate\Container\Container->build() /home/ubuntu/workspace/kadai-tasklist/vendor/laravel/framework/src/Illuminate/Container/Container.php:631
[11-Dec-2017 20:57:10 Asia/Tokyo] PHP  43. ReflectionClass->__construct() /home/ubuntu/workspace/kadai-tasklist/vendor/laravel/framework/src/Illuminate/Container/Container.php:741
[11-Dec-2017 20:57:10 Asia/Tokyo] PHP  44. spl_autoload_call() /home/ubuntu/workspace/kadai-tasklist/vendor/laravel/framework/src/Illuminate/Container/Container.php:741
[11-Dec-2017 20:57:10 Asia/Tokyo] PHP  45. Composer\Autoload\ClassLoader->loadClass() /home/ubuntu/workspace/kadai-tasklist/vendor/laravel/framework/src/Illuminate/Container/Container.php:741
[11-Dec-2017 20:57:10 Asia/Tokyo] PHP  46. Composer\Autoload\includeFile() /home/ubuntu/workspace/kadai-tasklist/vendor/composer/ClassLoader.php:322
